Tue Mar 22 15:30:33 BRT 2016: Creating new db @ gerados/neo4j-grafo_v1000/neostore
Tue Mar 22 15:30:35 BRT 2016: Opened [gerados/neo4j-grafo_v1000/nioneo_logical.log.1] clean empty log, version=0
Tue Mar 22 15:30:35 BRT 2016: Opened [gerados/neo4j-grafo_v1000/lucene/lucene.log.1] clean empty log, version=0
Tue Mar 22 15:30:35 BRT 2016: Opened [gerados/neo4j-grafo_v1000/lucene-fulltext/lucene.log.1] clean empty log, version=0
Tue Mar 22 15:30:35 BRT 2016: Opened [/home/rafael/Área de Trabalho/teste/GraphPartitionFramework-master/GraphGenerator/gerados/neo4j-grafo_v1000/index/lucene.log.1] clean empty log, version=0
Tue Mar 22 15:30:35 BRT 2016: TM new log: tm_tx_log.1
Tue Mar 22 15:30:35 BRT 2016: --- CONFIGURATION START ---
Tue Mar 22 15:30:35 BRT 2016: Physical mem: 7867MB, Heap size: 1749MB
Tue Mar 22 15:30:35 BRT 2016: Kernel version: Neo4j - Graph Database Kernel 1.4.M06
Tue Mar 22 15:30:35 BRT 2016: Neo4j - Graph Database Kernel 1.4.M06
Tue Mar 22 15:30:35 BRT 2016: Operating System: Linux; version: 4.2.0-34-generic; arch: amd64; cpus: 4
Tue Mar 22 15:30:35 BRT 2016: VM Name: Java HotSpot(TM) 64-Bit Server VM
Tue Mar 22 15:30:35 BRT 2016: VM Vendor: Oracle Corporation
Tue Mar 22 15:30:35 BRT 2016: VM Version: 25.74-b02
Tue Mar 22 15:30:35 BRT 2016: Boot Class Path: /usr/lib/jvm/java-8-oracle/jre/lib/resources.jar:/usr/lib/jvm/java-8-oracle/jre/lib/rt.jar:/usr/lib/jvm/java-8-oracle/jre/lib/sunrsasign.jar:/usr/lib/jvm/java-8-oracle/jre/lib/jsse.jar:/usr/lib/jvm/java-8-oracle/jre/lib/jce.jar:/usr/lib/jvm/java-8-oracle/jre/lib/charsets.jar:/usr/lib/jvm/java-8-oracle/jre/lib/jfr.jar:/usr/lib/jvm/java-8-oracle/jre/classes
Tue Mar 22 15:30:35 BRT 2016: Class Path: /home/rafael/Área de Trabalho/teste/GraphPartitionFramework-master/GraphGenerator/target/classes:/home/rafael/.m2/repository/br/edu/unifei/mestrado/GraphCommons/1.0-SNAPSHOT/GraphCommons-1.0-SNAPSHOT.jar:/home/rafael/.m2/repository/net/sf/jung/jung-graph-impl/2.0.1/jung-graph-impl-2.0.1.jar:/home/rafael/.m2/repository/net/sf/jung/jung-api/2.0.1/jung-api-2.0.1.jar:/home/rafael/.m2/repository/net/sourceforge/collections/collections-generic/4.01/collections-generic-4.01.jar:/home/rafael/.m2/repository/ch/qos/logback/logback-classic/1.0.7/logback-classic-1.0.7.jar:/home/rafael/.m2/repository/ch/qos/logback/logback-core/1.0.7/logback-core-1.0.7.jar:/home/rafael/.m2/repository/org/neo4j/neo4j/1.4.M06/neo4j-1.4.M06.jar:/home/rafael/.m2/repository/org/neo4j/neo4j-kernel/1.4.M06/neo4j-kernel-1.4.M06.jar:/home/rafael/.m2/repository/org/apache/geronimo/specs/geronimo-jta_1.1_spec/1.1.1/geronimo-jta_1.1_spec-1.1.1.jar:/home/rafael/.m2/repository/org/neo4j/neo4j-lucene-index/1.4.M06/neo4j-lucene-index-1.4.M06.jar:/home/rafael/.m2/repository/org/apache/lucene/lucene-core/3.1.0/lucene-core-3.1.0.jar:/home/rafael/.m2/repository/org/neo4j/neo4j-graph-algo/1.4.M06/neo4j-graph-algo-1.4.M06.jar:/home/rafael/.m2/repository/org/neo4j/neo4j-udc/1.4.M06/neo4j-udc-1.4.M06.jar:/home/rafael/.m2/repository/org/neo4j/neo4j-graph-matching/1.4.M06/neo4j-graph-matching-1.4.M06.jar:/home/rafael/.m2/repository/org/neo4j/neo4j-cypher/1.4.M06/neo4j-cypher-1.4.M06.jar:/home/rafael/.m2/repository/org/neo4j/neo4j-jmx/1.4.M06/neo4j-jmx-1.4.M06.jar:/home/rafael/.m2/repository/org/neo4j/neo4j-kernel/1.4.M06/neo4j-kernel-1.4.M06-tests.jar:/home/rafael/.m2/repository/org/neo4j/neo4j-utils/1.2-1.2/neo4j-utils-1.2-1.2.jar:/home/rafael/.m2/repository/org/neo4j/neo4j-index/1.2-1.2/neo4j-index-1.2-1.2.jar:/home/rafael/.m2/repository/org/apache/servicemix/bundles/org.apache.servicemix.bundles.lucene/3.0.1_2/org.apache.servicemix.bundles.lucene-3.0.1_2.jar:/home/rafael/.m2/repository/org/slf4j/slf4j-simple/1.7.5/slf4j-simple-1.7.5.jar:/home/rafael/.m2/repository/org/slf4j/slf4j-api/1.7.5/slf4j-api-1.7.5.jar:/home/rafael/.m2/repository/org/graphstream/gs-algo/1.3/gs-algo-1.3.jar:/home/rafael/.m2/repository/junit/junit/4.12/junit-4.12.jar:/home/rafael/.m2/repository/org/hamcrest/hamcrest-core/1.3/hamcrest-core-1.3.jar:/home/rafael/.m2/repository/org/apache/commons/commons-math/2.1/commons-math-2.1.jar:/home/rafael/.m2/repository/org/apache/commons/commons-math3/3.4.1/commons-math3-3.4.1.jar:/home/rafael/.m2/repository/org/jfree/jfreechart/1.0.14/jfreechart-1.0.14.jar:/home/rafael/.m2/repository/org/jfree/jcommon/1.0.17/jcommon-1.0.17.jar:/home/rafael/.m2/repository/xml-apis/xml-apis/1.3.04/xml-apis-1.3.04.jar:/home/rafael/.m2/repository/com/lowagie/itext/2.1.5/itext-2.1.5.jar:/home/rafael/.m2/repository/bouncycastle/bcmail-jdk14/138/bcmail-jdk14-138.jar:/home/rafael/.m2/repository/bouncycastle/bcprov-jdk14/138/bcprov-jdk14-138.jar:/home/rafael/.m2/repository/org/graphstream/gs-core/1.3/gs-core-1.3.jar:/home/rafael/.m2/repository/org/graphstream/pherd/1.0/pherd-1.0.jar:/home/rafael/.m2/repository/org/graphstream/mbox2/1.0/mbox2-1.0.jar:/home/rafael/.m2/repository/org/graphstream/gs-ui/1.3/gs-ui-1.3.jar:/home/rafael/.m2/repository/org/scala-lang/scala-library/2.10.1/scala-library-2.10.1.jar
Tue Mar 22 15:30:35 BRT 2016: Library Path: /usr/lib/jvm/java-8-oracle/bin/../jre/lib/amd64:/usr/lib/jvm/java-8-oracle/bin/../jre/lib/i386::/usr/java/packages/lib/amd64:/usr/lib64:/lib64:/lib:/usr/lib
Tue Mar 22 15:30:35 BRT 2016: Garbage Collector: PS Scavenge: [PS Eden Space, PS Survivor Space]
Tue Mar 22 15:30:35 BRT 2016: Garbage Collector: PS MarkSweep: [PS Eden Space, PS Survivor Space, PS Old Gen]
Tue Mar 22 15:30:35 BRT 2016: VM Arguments: []
Tue Mar 22 15:30:35 BRT 2016: 
Tue Mar 22 15:30:35 BRT 2016: create=true
Tue Mar 22 15:30:35 BRT 2016: dir=gerados/neo4j-grafo_v1000/lucene-fulltext
Tue Mar 22 15:30:35 BRT 2016: logical_log=gerados/neo4j-grafo_v1000/nioneo_logical.log
Tue Mar 22 15:30:35 BRT 2016: neo_store=gerados/neo4j-grafo_v1000/neostore
Tue Mar 22 15:30:35 BRT 2016: neostore.nodestore.db.mapped_memory=20M
Tue Mar 22 15:30:35 BRT 2016: neostore.propertystore.db.arrays.mapped_memory=130M
Tue Mar 22 15:30:35 BRT 2016: neostore.propertystore.db.index.keys.mapped_memory=1M
Tue Mar 22 15:30:35 BRT 2016: neostore.propertystore.db.index.mapped_memory=1M
Tue Mar 22 15:30:35 BRT 2016: neostore.propertystore.db.mapped_memory=90M
Tue Mar 22 15:30:35 BRT 2016: neostore.propertystore.db.strings.mapped_memory=130M
Tue Mar 22 15:30:35 BRT 2016: neostore.relationshipstore.db.mapped_memory=100M
Tue Mar 22 15:30:35 BRT 2016: node_auto_indexing=false
Tue Mar 22 15:30:35 BRT 2016: rebuild_idgenerators_fast=true
Tue Mar 22 15:30:35 BRT 2016: relationship_auto_indexing=false
Tue Mar 22 15:30:35 BRT 2016: store_dir=gerados/neo4j-grafo_v1000
Tue Mar 22 15:30:35 BRT 2016: use_memory_mapped_buffers=true
Tue Mar 22 15:30:35 BRT 2016: --- CONFIGURATION END ---
Tue Mar 22 15:30:35 BRT 2016: Extension org.neo4j.kernel.KernelExtension[kernel udc] loaded ok
Tue Mar 22 15:30:35 BRT 2016: Extension org.neo4j.kernel.KernelExtension[kernel jmx] loaded ok
Tue Mar 22 15:30:35 BRT 2016: Extension org.neo4j.kernel.KernelExtension[dummy] loaded ok
Tue Mar 22 15:30:35 BRT 2016: Extension org.neo4j.kernel.KernelExtension[other dummy] loaded ok
Tue Mar 22 15:30:36 BRT 2016: Closed log gerados/neo4j-grafo_v1000/nioneo_logical.log
Tue Mar 22 15:30:37 BRT 2016: NeoStore closed
Tue Mar 22 15:30:37 BRT 2016: NeoStore closed
Tue Mar 22 15:30:37 BRT 2016: Closed log gerados/neo4j-grafo_v1000/lucene/lucene.log
Tue Mar 22 15:30:37 BRT 2016: Closed log gerados/neo4j-grafo_v1000/lucene-fulltext/lucene.log
Tue Mar 22 15:30:37 BRT 2016: Closed log /home/rafael/Área de Trabalho/teste/GraphPartitionFramework-master/GraphGenerator/gerados/neo4j-grafo_v1000/index/lucene.log
Tue Mar 22 15:30:37 BRT 2016: TM shutting down
Tue Mar 22 15:58:30 BRT 2016: Opened [neo4j-grafo_v1000/nioneo_logical.log.1] clean empty log, version=0
Tue Mar 22 15:58:30 BRT 2016: Opened [neo4j-grafo_v1000/lucene/lucene.log.1] clean empty log, version=0
Tue Mar 22 15:58:30 BRT 2016: Opened [neo4j-grafo_v1000/lucene-fulltext/lucene.log.1] clean empty log, version=0
Tue Mar 22 15:58:30 BRT 2016: Opened [/home/rafael/Área de Trabalho/teste/GraphPartitionFramework-master/Neo4j_Spectral/neo4j-grafo_v1000/index/lucene.log.1] clean empty log, version=0
Tue Mar 22 15:58:30 BRT 2016: TM opening log: neo4j-grafo_v1000/tm_tx_log.1
Tue Mar 22 15:58:30 BRT 2016: --- CONFIGURATION START ---
Tue Mar 22 15:58:30 BRT 2016: Physical mem: 7867MB, Heap size: 1749MB
Tue Mar 22 15:58:30 BRT 2016: Kernel version: Neo4j - Graph Database Kernel 1.4.M06
Tue Mar 22 15:58:30 BRT 2016: Neo4j - Graph Database Kernel 1.4.M06
Tue Mar 22 15:58:30 BRT 2016: Operating System: Linux; version: 4.2.0-34-generic; arch: amd64; cpus: 4
Tue Mar 22 15:58:30 BRT 2016: VM Name: Java HotSpot(TM) 64-Bit Server VM
Tue Mar 22 15:58:30 BRT 2016: VM Vendor: Oracle Corporation
Tue Mar 22 15:58:30 BRT 2016: VM Version: 25.74-b02
Tue Mar 22 15:58:30 BRT 2016: Boot Class Path: /usr/lib/jvm/java-8-oracle/jre/lib/resources.jar:/usr/lib/jvm/java-8-oracle/jre/lib/rt.jar:/usr/lib/jvm/java-8-oracle/jre/lib/sunrsasign.jar:/usr/lib/jvm/java-8-oracle/jre/lib/jsse.jar:/usr/lib/jvm/java-8-oracle/jre/lib/jce.jar:/usr/lib/jvm/java-8-oracle/jre/lib/charsets.jar:/usr/lib/jvm/java-8-oracle/jre/lib/jfr.jar:/usr/lib/jvm/java-8-oracle/jre/classes
Tue Mar 22 15:58:30 BRT 2016: Class Path: /home/rafael/Área de Trabalho/teste/GraphPartitionFramework-master/Neo4j_Spectral/target/classes:/home/rafael/.m2/repository/org/slf4j/slf4j-api/1.7.5/slf4j-api-1.7.5.jar:/home/rafael/.m2/repository/br/edu/unifei/mestrado/GraphCommons/1.0-SNAPSHOT/GraphCommons-1.0-SNAPSHOT.jar:/home/rafael/.m2/repository/net/sf/jung/jung-graph-impl/2.0.1/jung-graph-impl-2.0.1.jar:/home/rafael/.m2/repository/org/neo4j/neo4j/1.4.M06/neo4j-1.4.M06.jar:/home/rafael/.m2/repository/org/neo4j/neo4j-kernel/1.4.M06/neo4j-kernel-1.4.M06.jar:/home/rafael/.m2/repository/org/apache/geronimo/specs/geronimo-jta_1.1_spec/1.1.1/geronimo-jta_1.1_spec-1.1.1.jar:/home/rafael/.m2/repository/org/neo4j/neo4j-lucene-index/1.4.M06/neo4j-lucene-index-1.4.M06.jar:/home/rafael/.m2/repository/org/apache/lucene/lucene-core/3.1.0/lucene-core-3.1.0.jar:/home/rafael/.m2/repository/org/neo4j/neo4j-graph-algo/1.4.M06/neo4j-graph-algo-1.4.M06.jar:/home/rafael/.m2/repository/org/neo4j/neo4j-udc/1.4.M06/neo4j-udc-1.4.M06.jar:/home/rafael/.m2/repository/org/neo4j/neo4j-graph-matching/1.4.M06/neo4j-graph-matching-1.4.M06.jar:/home/rafael/.m2/repository/org/neo4j/neo4j-cypher/1.4.M06/neo4j-cypher-1.4.M06.jar:/home/rafael/.m2/repository/org/scala-lang/scala-library/2.9.0-1/scala-library-2.9.0-1.jar:/home/rafael/.m2/repository/org/neo4j/neo4j-jmx/1.4.M06/neo4j-jmx-1.4.M06.jar:/home/rafael/.m2/repository/org/neo4j/neo4j-kernel/1.4.M06/neo4j-kernel-1.4.M06-tests.jar:/home/rafael/.m2/repository/org/neo4j/neo4j-utils/1.2-1.2/neo4j-utils-1.2-1.2.jar:/home/rafael/.m2/repository/org/neo4j/neo4j-index/1.2-1.2/neo4j-index-1.2-1.2.jar:/home/rafael/.m2/repository/org/apache/servicemix/bundles/org.apache.servicemix.bundles.lucene/3.0.1_2/org.apache.servicemix.bundles.lucene-3.0.1_2.jar:/home/rafael/.m2/repository/ch/qos/logback/logback-classic/1.0.7/logback-classic-1.0.7.jar:/home/rafael/.m2/repository/ch/qos/logback/logback-core/1.0.7/logback-core-1.0.7.jar:/home/rafael/Área de Trabalho/teste/GraphPartitionFramework-master/Base_Spectral/target/classes:/home/rafael/.m2/repository/gov/nist/math/jama/1.0.3/jama-1.0.3.jar:/home/rafael/.m2/repository/br/edu/unifei/mestrado/GraphView/1.0-SNAPSHOT/GraphView-1.0-SNAPSHOT.jar:/home/rafael/.m2/repository/net/sf/jung/jung-algorithms/2.0.1/jung-algorithms-2.0.1.jar:/home/rafael/.m2/repository/net/sf/jung/jung-api/2.0.1/jung-api-2.0.1.jar:/home/rafael/.m2/repository/net/sf/jung/jung-io/2.0.1/jung-io-2.0.1.jar:/home/rafael/.m2/repository/org/codehaus/woodstox/wstx-asl/3.2.6/wstx-asl-3.2.6.jar:/home/rafael/.m2/repository/stax/stax-api/1.0.1/stax-api-1.0.1.jar:/home/rafael/.m2/repository/net/sf/jung/jung-samples/2.0.1/jung-samples-2.0.1.jar:/home/rafael/.m2/repository/net/sf/jung/jung-visualization/2.0.1/jung-visualization-2.0.1.jar:/home/rafael/.m2/repository/net/sourceforge/collections/collections-generic/4.01/collections-generic-4.01.jar:/home/rafael/.m2/repository/colt/colt/1.2.0/colt-1.2.0.jar:/home/rafael/.m2/repository/concurrent/concurrent/1.3.4/concurrent-1.3.4.jar:/home/rafael/.m2/repository/br/edu/unifei/mestrado/Base_KL/1.0-SNAPSHOT/Base_KL-1.0-SNAPSHOT.jar:/home/rafael/.m2/repository/org/slf4j/slf4j-simple/1.7.5/slf4j-simple-1.7.5.jar:/home/rafael/.m2/repository/junit/junit/4.6/junit-4.6.jar
Tue Mar 22 15:58:30 BRT 2016: Library Path: /usr/lib/jvm/java-8-oracle/bin/../jre/lib/amd64:/usr/lib/jvm/java-8-oracle/bin/../jre/lib/i386::/usr/java/packages/lib/amd64:/usr/lib64:/lib64:/lib:/usr/lib
Tue Mar 22 15:58:30 BRT 2016: Garbage Collector: PS Scavenge: [PS Eden Space, PS Survivor Space]
Tue Mar 22 15:58:30 BRT 2016: Garbage Collector: PS MarkSweep: [PS Eden Space, PS Survivor Space, PS Old Gen]
Tue Mar 22 15:58:30 BRT 2016: VM Arguments: []
Tue Mar 22 15:58:30 BRT 2016: 
Tue Mar 22 15:58:30 BRT 2016: create=true
Tue Mar 22 15:58:30 BRT 2016: dir=neo4j-grafo_v1000/lucene-fulltext
Tue Mar 22 15:58:30 BRT 2016: logical_log=neo4j-grafo_v1000/nioneo_logical.log
Tue Mar 22 15:58:30 BRT 2016: neo_store=neo4j-grafo_v1000/neostore
Tue Mar 22 15:58:30 BRT 2016: neostore.nodestore.db.mapped_memory=20M
Tue Mar 22 15:58:30 BRT 2016: neostore.propertystore.db.arrays.mapped_memory=130M
Tue Mar 22 15:58:30 BRT 2016: neostore.propertystore.db.index.keys.mapped_memory=1M
Tue Mar 22 15:58:30 BRT 2016: neostore.propertystore.db.index.mapped_memory=1M
Tue Mar 22 15:58:30 BRT 2016: neostore.propertystore.db.mapped_memory=90M
Tue Mar 22 15:58:30 BRT 2016: neostore.propertystore.db.strings.mapped_memory=130M
Tue Mar 22 15:58:30 BRT 2016: neostore.relationshipstore.db.mapped_memory=100M
Tue Mar 22 15:58:30 BRT 2016: node_auto_indexing=false
Tue Mar 22 15:58:30 BRT 2016: rebuild_idgenerators_fast=true
Tue Mar 22 15:58:30 BRT 2016: relationship_auto_indexing=false
Tue Mar 22 15:58:30 BRT 2016: store_dir=neo4j-grafo_v1000
Tue Mar 22 15:58:30 BRT 2016: use_memory_mapped_buffers=true
Tue Mar 22 15:58:30 BRT 2016: --- CONFIGURATION END ---
Tue Mar 22 15:58:30 BRT 2016: Extension org.neo4j.kernel.KernelExtension[kernel udc] loaded ok
Tue Mar 22 15:58:30 BRT 2016: Extension org.neo4j.kernel.KernelExtension[kernel jmx] loaded ok
Tue Mar 22 15:58:30 BRT 2016: Extension org.neo4j.kernel.KernelExtension[dummy] loaded ok
Tue Mar 22 15:58:30 BRT 2016: Extension org.neo4j.kernel.KernelExtension[other dummy] loaded ok
Tue Mar 22 16:17:42 BRT 2016: Closed log neo4j-grafo_v1000/nioneo_logical.log
Tue Mar 22 16:17:42 BRT 2016: NeoStore closed
Tue Mar 22 16:17:42 BRT 2016: NeoStore closed
Tue Mar 22 16:17:43 BRT 2016: Closed log neo4j-grafo_v1000/lucene/lucene.log
Tue Mar 22 16:17:43 BRT 2016: Closed log neo4j-grafo_v1000/lucene-fulltext/lucene.log
Tue Mar 22 16:17:43 BRT 2016: Closed log /home/rafael/Área de Trabalho/teste/GraphPartitionFramework-master/Neo4j_Spectral/neo4j-grafo_v1000/index/lucene.log
Tue Mar 22 16:17:43 BRT 2016: TM shutting down
